<?xml version="1.0" encoding="UTF-8"?>
<testng-results ignored="0" total="4" passed="3" failed="1" skipped="0">
  <reporter-output>
  </reporter-output>
  <suite started-at="2023-05-05T10:02:25 IST" name="Default suite" finished-at="2023-05-05T10:02:33 IST" duration-ms="7818">
    <groups>
      <group name="regression">
        <method signature="Groups.title()[pri:0, instance:Module1.Groups@2177849e]" name="title" class="Module1.Groups"/>
      </group> <!-- regression -->
      <group name="smoke">
        <method signature="Groups.openingbrowser()[pri:0, instance:Module1.Groups@2177849e]" name="openingbrowser" class="Module1.Groups"/>
        <method signature="Groups.url()[pri:0, instance:Module1.Groups@2177849e]" name="url" class="Module1.Groups"/>
      </group> <!-- smoke -->
      <group name="sanity">
        <method signature="Groups.login()[pri:0, instance:Module1.Groups@2177849e]" name="login" class="Module1.Groups"/>
      </group> <!-- sanity -->
    </groups>
    <test started-at="2023-05-05T10:02:25 IST" name="Default test" finished-at="2023-05-05T10:02:33 IST" duration-ms="7818">
      <class name="Module1.Groups">
        <test-method signature="login()[pri:0, instance:Module1.Groups@2177849e]" started-at="2023-05-05T10:02:25 IST" name="login" finished-at="2023-05-05T10:02:25 IST" duration-ms="19" status="FAIL">
          <exception class="java.lang.NullPointerException">
            <message>
              <![CDATA[Cannot invoke "org.openqa.selenium.WebDriver.manage()" because "this.d" is null]]>
            </message>
            <full-stacktrace>
              <![CDATA[java.lang.NullPointerException: Cannot invoke "org.openqa.selenium.WebDriver.manage()" because "this.d" is null
at Module1.Groups.login(Groups.java:25)
at java.base/jdk.internal.reflect.NativeMethodAccessorImpl.invoke0(Native Method)
at java.base/jdk.internal.reflect.NativeMethodAccessorImpl.invoke(NativeMethodAccessorImpl.java:77)
at java.base/jdk.internal.reflect.DelegatingMethodAccessorImpl.invoke(DelegatingMethodAccessorImpl.java:43)
at java.base/java.lang.reflect.Method.invoke(Method.java:568)
at org.testng.internal.MethodInvocationHelper.invokeMethod(MethodInvocationHelper.java:133)
at org.testng.internal.TestInvoker.invokeMethod(TestInvoker.java:598)
at org.testng.internal.TestInvoker.invokeTestMethod(TestInvoker.java:173)
at org.testng.internal.MethodRunner.runInSequence(MethodRunner.java:46)
at org.testng.internal.TestInvoker$MethodInvocationAgent.invoke(TestInvoker.java:824)
at org.testng.internal.TestInvoker.invokeTestMethods(TestInvoker.java:146)
at org.testng.internal.TestMethodWorker.invokeTestMethods(TestMethodWorker.java:146)
at org.testng.internal.TestMethodWorker.run(TestMethodWorker.java:128)
at java.base/java.util.ArrayList.forEach(ArrayList.java:1511)
at org.testng.TestRunner.privateRun(TestRunner.java:794)
at org.testng.TestRunner.run(TestRunner.java:596)
at org.testng.SuiteRunner.runTest(SuiteRunner.java:377)
at org.testng.SuiteRunner.runSequentially(SuiteRunner.java:371)
at org.testng.SuiteRunner.privateRun(SuiteRunner.java:332)
at org.testng.SuiteRunner.run(SuiteRunner.java:276)
at org.testng.SuiteRunnerWorker.runSuite(SuiteRunnerWorker.java:53)
at org.testng.SuiteRunnerWorker.run(SuiteRunnerWorker.java:96)
at org.testng.TestNG.runSuitesSequentially(TestNG.java:1212)
at org.testng.TestNG.runSuitesLocally(TestNG.java:1134)
at org.testng.TestNG.runSuites(TestNG.java:1063)
at org.testng.TestNG.run(TestNG.java:1031)
at org.testng.remote.AbstractRemoteTestNG.run(AbstractRemoteTestNG.java:115)
at org.testng.remote.RemoteTestNG.initAndRun(RemoteTestNG.java:251)
at org.testng.remote.RemoteTestNG.main(RemoteTestNG.java:77)
]]>
            </full-stacktrace>
          </exception> <!-- java.lang.NullPointerException -->
          <reporter-output>
          </reporter-output>
        </test-method> <!-- login -->
        <test-method signature="openingbrowser()[pri:0, instance:Module1.Groups@2177849e]" started-at="2023-05-05T10:02:25 IST" name="openingbrowser" finished-at="2023-05-05T10:02:32 IST" duration-ms="7687" status="PASS">
          <reporter-output>
          </reporter-output>
        </test-method> <!-- openingbrowser -->
        <test-method signature="title()[pri:0, instance:Module1.Groups@2177849e]" started-at="2023-05-05T10:02:32 IST" name="title" finished-at="2023-05-05T10:02:32 IST" duration-ms="8" status="PASS">
          <reporter-output>
          </reporter-output>
        </test-method> <!-- title -->
        <test-method signature="url()[pri:0, instance:Module1.Groups@2177849e]" started-at="2023-05-05T10:02:32 IST" name="url" finished-at="2023-05-05T10:02:33 IST" duration-ms="8" status="PASS">
          <reporter-output>
          </reporter-output>
        </test-method> <!-- url -->
      </class> <!-- Module1.Groups -->
    </test> <!-- Default test -->
  </suite> <!-- Default suite -->
</testng-results>
