<?xml version="1.0" encoding="UTF-8"?>
<testng-results ignored="0" total="1" passed="1" failed="0" skipped="0">
  <reporter-output>
  </reporter-output>
  <suite started-at="2023-05-10T11:12:07 IST" name="bank" finished-at="2023-05-10T11:12:26 IST" duration-ms="19015">
    <groups>
    </groups>
    <test started-at="2023-05-10T11:12:07 IST" name="BankingApp test" finished-at="2023-05-10T11:12:26 IST" duration-ms="19015">
      <class name="testcases.Tc_001_Login">
        <test-method is-config="true" signature="setup()[pri:0, instance:testcases.Tc_001_Login@4a883b15]" started-at="2023-05-10T11:12:07 IST" name="setup" finished-at="2023-05-10T11:12:10 IST" duration-ms="2756" status="PASS">
          <reporter-output>
          </reporter-output>
        </test-method> <!-- setup -->
        <test-method signature="test_acc_login()[pri:0, instance:testcases.Tc_001_Login@4a883b15]" started-at="2023-05-10T11:12:10 IST" name="test_acc_login" finished-at="2023-05-10T11:12:26 IST" duration-ms="16220" status="PASS">
          <reporter-output>
          </reporter-output>
        </test-method> <!-- test_acc_login -->
      </class> <!-- testcases.Tc_001_Login -->
    </test> <!-- BankingApp test -->
  </suite> <!-- bank -->
</testng-results>
