<?xml version="1.0" encoding="UTF-8"?>
<!-- Generated by org.testng.reporters.JUnitXMLReporter -->
<testsuite ignored="0" hostname="DESKTOP-GR0J70L" failures="0" tests="5" name="Default test" time="0.96" errors="0" timestamp="2023-05-08T11:25:43 IST">
  <testcase classname="ModularFrameWork.BasicExtendReportsClass" name="launchBrowserandnavigatePage" time="0.013"/>
  <testcase classname="ModularFrameWork.BasicExtendReportsClass" name="verfiyLogo" time="0.002"/>
  <testcase classname="ModularFrameWork.BasicExtendReportsClass" name="verifyEmail" time="0.003">
    <skipped/>
  </testcase> <!-- verifyEmail -->
  <testcase classname="ModularFrameWork.BasicExtendReportsClass" name="verifyUsername" time="0.002"/>
  <testcase classname="ModularFrameWork.BasicExtendReportsClass" name="verifytitle" time="0.001"/>
</testsuite> <!-- Default test -->
