<?xml version="1.0" encoding="UTF-8"?>
<!-- Generated by org.testng.reporters.JUnitXMLReporter -->
<testsuite ignored="4" hostname="DESKTOP-GR0J70L" failures="0" tests="0" time="0.009" errors="0" timestamp="2023-05-04T14:34:42 IST">
  <testcase classname="Module1.Groups" name="login" time="0.0">
    <ignored/>
  </testcase> <!-- login -->
  <testcase classname="Module1.Groups" name="title" time="0.0">
    <ignored/>
  </testcase> <!-- title -->
  <testcase classname="Module1.Groups" name="url" time="0.0">
    <ignored/>
  </testcase> <!-- url -->
  <testcase classname="Module1.Groups" name="openingbrowser" time="0.0">
    <ignored/>
  </testcase> <!-- openingbrowser -->
</testsuite>
